<?xml version="1.0" encoding="UTF-8"?>
<!-- Generated by org.testng.reporters.JUnitReportReporter -->
<testsuite hostname="HossainXPS8960" failures="0" tests="2" name="com.Dhaka.testRunners.TestRunner" time="5.572" errors="0" timestamp="2024-11-20T22:00:35 EST" skipped="0">
  <testcase classname="com.Dhaka.testRunners.TestRunner" name="runScenario" time="0.866"/>
  <testcase classname="com.Dhaka.testRunners.TestRunner" name="runScenario" time="4.706"/>
</testsuite> <!-- com.Dhaka.testRunners.TestRunner -->
